#-----------------------------------------------------------
# Vivado v2019.1 (64-bit)
# SW Build 2552052 on Fri May 24 14:49:42 MDT 2019
# IP Build 2548770 on Fri May 24 18:01:18 MDT 2019
# Start of session at: Tue Sep  3 19:02:23 2019
# Process ID: 16472
# Current directory: C:/Users/Ankit Karan/Desktop/lab1/mux
# Command line: vivado.exe -gui_launcher_event rodinguilauncherevent19412 C:\Users\Ankit Karan\Desktop\lab1\mux\mux.xpr
# Log file: C:/Users/Ankit Karan/Desktop/lab1/mux/vivado.log
# Journal file: C:/Users/Ankit Karan/Desktop/lab1/mux\vivado.jou
#-----------------------------------------------------------
start_gui
open_project {C:/Users/Ankit Karan/Desktop/lab1/mux/mux.xpr}
INFO: [Project 1-313] Project file moved from 'C:/Users/Ankit Karan/Desktop/mux' since last save.
Scanning sources...
Finished scanning sources
INFO: [IP_Flow 19-234] Refreshing IP repositories
INFO: [IP_Flow 19-1704] No user IP repositories specified
INFO: [IP_Flow 19-2313] Loaded Vivado IP repository 'C:/vivado/Vivado/2019.1/data/ip'.
open_project: Time (s): cpu = 00:00:29 ; elapsed = 00:00:12 . Memory (MB): peak = 741.410 ; gain = 88.648
update_compile_order -fileset sources_1
export_ip_user_files -of_objects  [get_files {{C:/Users/Ankit Karan/Desktop/lab1/mux/mux.srcs/sim_1/new/test_mux.v}}] -no_script -reset -force -quiet
remove_files  -fileset sim_1 {{C:/Users/Ankit Karan/Desktop/lab1/mux/mux.srcs/sim_1/new/test_mux.v}}
file delete -force {C:/Users/Ankit Karan/Desktop/lab1/mux/mux.srcs/sim_1/new/test_mux.v}
set_property SOURCE_SET sources_1 [get_filesets sim_1]
close [ open {C:/Users/Ankit Karan/Desktop/lab1/mux/mux.srcs/sim_1/new/test_mux.v} w ]
add_files -fileset sim_1 {{C:/Users/Ankit Karan/Desktop/lab1/mux/mux.srcs/sim_1/new/test_mux.v}}
update_compile_order -fileset sim_1
WARNING: [filemgmt 56-199] Attempt to get parsing info during refresh. "On-the-fly" syntax checking information may be incorrect. [C:/Users/Ankit Karan/Desktop/lab1/mux/mux.srcs/sim_1/new/test_mux.v:]
WARNING: [filemgmt 56-199] Attempt to get parsing info during refresh. "On-the-fly" syntax checking information may be incorrect. [C:/Users/Ankit Karan/Desktop/lab1/mux/mux.srcs/sources_1/new/demo_mux.v:]
ERROR: [Common 17-180] Spawn failed: No error
WARNING: [filemgmt 56-199] Attempt to get parsing info during refresh. "On-the-fly" syntax checking information may be incorrect. [C:/Users/Ankit Karan/Desktop/lab1/mux/mux.srcs/sim_1/new/test_mux.v:]
WARNING: [filemgmt 56-199] Attempt to get parsing info during refresh. "On-the-fly" syntax checking information may be incorrect. [C:/Users/Ankit Karan/Desktop/lab1/mux/mux.srcs/sources_1/new/demo_mux.v:]
ERROR: [Common 17-180] Spawn failed: No error
update_compile_order -fileset sim_1
launch_simulation
INFO: [Vivado 12-5682] Launching behavioral simulation in 'C:/Users/Ankit Karan/Desktop/lab1/mux/mux.sim/sim_1/behav/xsim'
INFO: [SIM-utils-51] Simulation object is 'sim_1'
INFO: [SIM-utils-54] Inspecting design source files for 'TestModule' in fileset 'sim_1'...
INFO: [USF-XSim-97] Finding global include files...
INFO: [USF-XSim-98] Fetching design files from 'sim_1'...
INFO: [USF-XSim-2] XSim::Compile design
INFO: [USF-XSim-61] Executing 'COMPILE and ANALYZE' step in 'C:/Users/Ankit Karan/Desktop/lab1/mux/mux.sim/sim_1/behav/xsim'
"xvlog --incr --relax -prj TestModule_vlog.prj"
INFO: [VRFC 10-2263] Analyzing Verilog file "C:/Users/Ankit Karan/Desktop/lab1/mux/mux.srcs/sources_1/new/demo_mux.v" into library xil_defaultlib
INFO: [VRFC 10-311] analyzing module Mulitplexer
INFO: [VRFC 10-2263] Analyzing Verilog file "C:/Users/Ankit Karan/Desktop/lab1/mux/mux.srcs/sim_1/new/test_mux.v" into library xil_defaultlib
INFO: [VRFC 10-311] analyzing module TestModule
INFO: [VRFC 10-2263] Analyzing Verilog file "C:/Users/Ankit Karan/Desktop/lab1/mux/mux.sim/sim_1/behav/xsim/glbl.v" into library xil_defaultlib
INFO: [VRFC 10-311] analyzing module glbl
INFO: [USF-XSim-69] 'compile' step finished in '2' seconds
INFO: [USF-XSim-3] XSim::Elaborate design
INFO: [USF-XSim-61] Executing 'ELABORATE' step in 'C:/Users/Ankit Karan/Desktop/lab1/mux/mux.sim/sim_1/behav/xsim'
"xelab -wto 05d0907bb51c4071a93607cc98d047d1 --incr --debug typical --relax --mt 2 -L xil_defaultlib -L unisims_ver -L unimacro_ver -L secureip --snapshot TestModule_behav xil_defaultlib.TestModule xil_defaultlib.glbl -log elaborate.log"
Vivado Simulator 2019.1
Copyright 1986-1999, 2001-2019 Xilinx, Inc. All Rights Reserved.
Running: C:/vivado/Vivado/2019.1/bin/unwrapped/win64.o/xelab.exe -wto 05d0907bb51c4071a93607cc98d047d1 --incr --debug typical --relax --mt 2 -L xil_defaultlib -L unisims_ver -L unimacro_ver -L secureip --snapshot TestModule_behav xil_defaultlib.TestModule xil_defaultlib.glbl -log elaborate.log 
Using 2 slave threads.
Starting static elaboration
Completed static elaboration
Starting simulation data flow analysis
Completed simulation data flow analysis
Time Resolution for simulation is 1ps
Compiling module xil_defaultlib.Mulitplexer
Compiling module xil_defaultlib.TestModule
Compiling module xil_defaultlib.glbl
Built simulation snapshot TestModule_behav

****** Webtalk v2019.1 (64-bit)
  **** SW Build 2552052 on Fri May 24 14:49:42 MDT 2019
  **** IP Build 2548770 on Fri May 24 18:01:18 MDT 2019
    ** Copyright 1986-2019 Xilinx, Inc. All Rights Reserved.

source C:/Users/Ankit -notrace
couldn't read file "C:/Users/Ankit": no such file or directory
INFO: [Common 17-206] Exiting Webtalk at Tue Sep  3 19:14:16 2019...
run_program: Time (s): cpu = 00:00:00 ; elapsed = 00:00:06 . Memory (MB): peak = 796.066 ; gain = 0.000
INFO: [USF-XSim-69] 'elaborate' step finished in '6' seconds
INFO: [USF-XSim-4] XSim::Simulate design
INFO: [USF-XSim-61] Executing 'SIMULATE' step in 'C:/Users/Ankit Karan/Desktop/lab1/mux/mux.sim/sim_1/behav/xsim'
INFO: [USF-XSim-98] *** Running xsim
   with args "TestModule_behav -key {Behavioral:sim_1:Functional:TestModule} -tclbatch {TestModule.tcl} -log {simulate.log}"
INFO: [USF-XSim-8] Loading simulator feature
Vivado Simulator 2019.1
Time resolution is 1 ps
source TestModule.tcl
# set curr_wave [current_wave_config]
# if { [string length $curr_wave] == 0 } {
#   if { [llength [get_objects]] > 0} {
#     add_wave /
#     set_property needs_save false [current_wave_config]
#   } else {
#      send_msg_id Add_Wave-1 WARNING "No top level signals found. Simulator will start without a wave window. If you want to open a wave window go to 'File->New Waveform Configuration' or type 'create_wave_config' in the TCL console."
#   }
# }
# run 1000ns
xsim: Time (s): cpu = 00:00:10 ; elapsed = 00:00:09 . Memory (MB): peak = 819.137 ; gain = 21.340
INFO: [USF-XSim-96] XSim completed. Design snapshot 'TestModule_behav' loaded.
INFO: [USF-XSim-97] XSim simulation ran for 1000ns
launch_simulation: Time (s): cpu = 00:00:12 ; elapsed = 00:00:18 . Memory (MB): peak = 819.137 ; gain = 23.070
WARNING: [filemgmt 56-199] Attempt to get parsing info during refresh. "On-the-fly" syntax checking information may be incorrect. [C:/Users/Ankit Karan/Desktop/lab1/mux/mux.srcs/sim_1/new/test_mux.v:]
WARNING: [filemgmt 56-199] Attempt to get parsing info during refresh. "On-the-fly" syntax checking information may be incorrect. [C:/Users/Ankit Karan/Desktop/lab1/mux/mux.srcs/sources_1/new/demo_mux.v:]
ERROR: [Common 17-180] Spawn failed: No error
WARNING: [filemgmt 56-199] Attempt to get parsing info during refresh. "On-the-fly" syntax checking information may be incorrect. [C:/Users/Ankit Karan/Desktop/lab1/mux/mux.srcs/sim_1/new/test_mux.v:]
WARNING: [filemgmt 56-199] Attempt to get parsing info during refresh. "On-the-fly" syntax checking information may be incorrect. [C:/Users/Ankit Karan/Desktop/lab1/mux/mux.srcs/sources_1/new/demo_mux.v:]
ERROR: [Common 17-180] Spawn failed: No error
WARNING: [filemgmt 56-199] Attempt to get parsing info during refresh. "On-the-fly" syntax checking information may be incorrect. [C:/Users/Ankit Karan/Desktop/lab1/mux/mux.srcs/sim_1/new/test_mux.v:]
WARNING: [filemgmt 56-199] Attempt to get parsing info during refresh. "On-the-fly" syntax checking information may be incorrect. [C:/Users/Ankit Karan/Desktop/lab1/mux/mux.srcs/sources_1/new/demo_mux.v:]
WARNING: [filemgmt 56-199] Attempt to get parsing info during refresh. "On-the-fly" syntax checking information may be incorrect. [C:/Users/Ankit Karan/Desktop/lab1/mux/mux.srcs/sim_1/new/test_mux.v:]
WARNING: [filemgmt 56-199] Attempt to get parsing info during refresh. "On-the-fly" syntax checking information may be incorrect. [C:/Users/Ankit Karan/Desktop/lab1/mux/mux.srcs/sources_1/new/demo_mux.v:]
ERROR: [Common 17-180] Spawn failed: No error
WARNING: [filemgmt 56-199] Attempt to get parsing info during refresh. "On-the-fly" syntax checking information may be incorrect. [C:/Users/Ankit Karan/Desktop/lab1/mux/mux.srcs/sim_1/new/test_mux.v:]
WARNING: [filemgmt 56-199] Attempt to get parsing info during refresh. "On-the-fly" syntax checking information may be incorrect. [C:/Users/Ankit Karan/Desktop/lab1/mux/mux.srcs/sources_1/new/demo_mux.v:]
ERROR: [Common 17-180] Spawn failed: No error
WARNING: [filemgmt 56-199] Attempt to get parsing info during refresh. "On-the-fly" syntax checking information may be incorrect. [C:/Users/Ankit Karan/Desktop/lab1/mux/mux.srcs/sim_1/new/test_mux.v:]
WARNING: [filemgmt 56-199] Attempt to get parsing info during refresh. "On-the-fly" syntax checking information may be incorrect. [C:/Users/Ankit Karan/Desktop/lab1/mux/mux.srcs/sources_1/new/demo_mux.v:]
WARNING: [filemgmt 56-199] Attempt to get parsing info during refresh. "On-the-fly" syntax checking information may be incorrect. [C:/Users/Ankit Karan/Desktop/lab1/mux/mux.srcs/sim_1/new/test_mux.v:]
WARNING: [filemgmt 56-199] Attempt to get parsing info during refresh. "On-the-fly" syntax checking information may be incorrect. [C:/Users/Ankit Karan/Desktop/lab1/mux/mux.srcs/sources_1/new/demo_mux.v:]
ERROR: [Common 17-180] Spawn failed: No error
WARNING: [filemgmt 56-199] Attempt to get parsing info during refresh. "On-the-fly" syntax checking information may be incorrect. [C:/Users/Ankit Karan/Desktop/lab1/mux/mux.srcs/sim_1/new/test_mux.v:]
WARNING: [filemgmt 56-199] Attempt to get parsing info during refresh. "On-the-fly" syntax checking information may be incorrect. [C:/Users/Ankit Karan/Desktop/lab1/mux/mux.srcs/sources_1/new/demo_mux.v:]
ERROR: [Common 17-180] Spawn failed: No error
WARNING: [filemgmt 56-199] Attempt to get parsing info during refresh. "On-the-fly" syntax checking information may be incorrect. [C:/Users/Ankit Karan/Desktop/lab1/mux/mux.srcs/sim_1/new/test_mux.v:]
WARNING: [filemgmt 56-199] Attempt to get parsing info during refresh. "On-the-fly" syntax checking information may be incorrect. [C:/Users/Ankit Karan/Desktop/lab1/mux/mux.srcs/sources_1/new/demo_mux.v:]
ERROR: [Common 17-180] Spawn failed: No error
WARNING: [filemgmt 56-199] Attempt to get parsing info during refresh. "On-the-fly" syntax checking information may be incorrect. [C:/Users/Ankit Karan/Desktop/lab1/mux/mux.srcs/sim_1/new/test_mux.v:]
WARNING: [filemgmt 56-199] Attempt to get parsing info during refresh. "On-the-fly" syntax checking information may be incorrect. [C:/Users/Ankit Karan/Desktop/lab1/mux/mux.srcs/sources_1/new/demo_mux.v:]
ERROR: [Common 17-180] Spawn failed: No error
WARNING: [filemgmt 56-199] Attempt to get parsing info during refresh. "On-the-fly" syntax checking information may be incorrect. [C:/Users/Ankit Karan/Desktop/lab1/mux/mux.srcs/sim_1/new/test_mux.v:]
WARNING: [filemgmt 56-199] Attempt to get parsing info during refresh. "On-the-fly" syntax checking information may be incorrect. [C:/Users/Ankit Karan/Desktop/lab1/mux/mux.srcs/sources_1/new/demo_mux.v:]
WARNING: [filemgmt 56-199] Attempt to get parsing info during refresh. "On-the-fly" syntax checking information may be incorrect. [C:/Users/Ankit Karan/Desktop/lab1/mux/mux.srcs/sim_1/new/test_mux.v:]
WARNING: [filemgmt 56-199] Attempt to get parsing info during refresh. "On-the-fly" syntax checking information may be incorrect. [C:/Users/Ankit Karan/Desktop/lab1/mux/mux.srcs/sources_1/new/demo_mux.v:]
ERROR: [Common 17-180] Spawn failed: No error
WARNING: [filemgmt 56-199] Attempt to get parsing info during refresh. "On-the-fly" syntax checking information may be incorrect. [C:/Users/Ankit Karan/Desktop/lab1/mux/mux.srcs/sim_1/new/test_mux.v:]
WARNING: [filemgmt 56-199] Attempt to get parsing info during refresh. "On-the-fly" syntax checking information may be incorrect. [C:/Users/Ankit Karan/Desktop/lab1/mux/mux.srcs/sources_1/new/demo_mux.v:]
ERROR: [Common 17-180] Spawn failed: No error
WARNING: [filemgmt 56-199] Attempt to get parsing info during refresh. "On-the-fly" syntax checking information may be incorrect. [C:/Users/Ankit Karan/Desktop/lab1/mux/mux.srcs/sim_1/new/test_mux.v:]
WARNING: [filemgmt 56-199] Attempt to get parsing info during refresh. "On-the-fly" syntax checking information may be incorrect. [C:/Users/Ankit Karan/Desktop/lab1/mux/mux.srcs/sources_1/new/demo_mux.v:]
ERROR: [Common 17-180] Spawn failed: No error
WARNING: [filemgmt 56-199] Attempt to get parsing info during refresh. "On-the-fly" syntax checking information may be incorrect. [C:/Users/Ankit Karan/Desktop/lab1/mux/mux.srcs/sim_1/new/test_mux.v:]
WARNING: [filemgmt 56-199] Attempt to get parsing info during refresh. "On-the-fly" syntax checking information may be incorrect. [C:/Users/Ankit Karan/Desktop/lab1/mux/mux.srcs/sources_1/new/demo_mux.v:]
ERROR: [Common 17-180] Spawn failed: No error
WARNING: [filemgmt 56-199] Attempt to get parsing info during refresh. "On-the-fly" syntax checking information may be incorrect. [C:/Users/Ankit Karan/Desktop/lab1/mux/mux.srcs/sim_1/new/test_mux.v:]
WARNING: [filemgmt 56-199] Attempt to get parsing info during refresh. "On-the-fly" syntax checking information may be incorrect. [C:/Users/Ankit Karan/Desktop/lab1/mux/mux.srcs/sources_1/new/demo_mux.v:]
ERROR: [Common 17-180] Spawn failed: No error
WARNING: [filemgmt 56-199] Attempt to get parsing info during refresh. "On-the-fly" syntax checking information may be incorrect. [C:/Users/Ankit Karan/Desktop/lab1/mux/mux.srcs/sim_1/new/test_mux.v:]
WARNING: [filemgmt 56-199] Attempt to get parsing info during refresh. "On-the-fly" syntax checking information may be incorrect. [C:/Users/Ankit Karan/Desktop/lab1/mux/mux.srcs/sources_1/new/demo_mux.v:]
ERROR: [Common 17-180] Spawn failed: No error
WARNING: [filemgmt 56-199] Attempt to get parsing info during refresh. "On-the-fly" syntax checking information may be incorrect. [C:/Users/Ankit Karan/Desktop/lab1/mux/mux.srcs/sim_1/new/test_mux.v:]
WARNING: [filemgmt 56-199] Attempt to get parsing info during refresh. "On-the-fly" syntax checking information may be incorrect. [C:/Users/Ankit Karan/Desktop/lab1/mux/mux.srcs/sources_1/new/demo_mux.v:]
WARNING: [filemgmt 56-199] Attempt to get parsing info during refresh. "On-the-fly" syntax checking information may be incorrect. [C:/Users/Ankit Karan/Desktop/lab1/mux/mux.srcs/sim_1/new/test_mux.v:]
WARNING: [filemgmt 56-199] Attempt to get parsing info during refresh. "On-the-fly" syntax checking information may be incorrect. [C:/Users/Ankit Karan/Desktop/lab1/mux/mux.srcs/sources_1/new/demo_mux.v:]
ERROR: [Common 17-180] Spawn failed: No error
WARNING: [filemgmt 56-199] Attempt to get parsing info during refresh. "On-the-fly" syntax checking information may be incorrect. [C:/Users/Ankit Karan/Desktop/lab1/mux/mux.srcs/sim_1/new/test_mux.v:]
WARNING: [filemgmt 56-199] Attempt to get parsing info during refresh. "On-the-fly" syntax checking information may be incorrect. [C:/Users/Ankit Karan/Desktop/lab1/mux/mux.srcs/sources_1/new/demo_mux.v:]
ERROR: [Common 17-180] Spawn failed: No error
WARNING: [filemgmt 56-199] Attempt to get parsing info during refresh. "On-the-fly" syntax checking information may be incorrect. [C:/Users/Ankit Karan/Desktop/lab1/mux/mux.srcs/sim_1/new/test_mux.v:]
WARNING: [filemgmt 56-199] Attempt to get parsing info during refresh. "On-the-fly" syntax checking information may be incorrect. [C:/Users/Ankit Karan/Desktop/lab1/mux/mux.srcs/sources_1/new/demo_mux.v:]
WARNING: [filemgmt 56-199] Attempt to get parsing info during refresh. "On-the-fly" syntax checking information may be incorrect. [C:/Users/Ankit Karan/Desktop/lab1/mux/mux.srcs/sim_1/new/test_mux.v:]
WARNING: [filemgmt 56-199] Attempt to get parsing info during refresh. "On-the-fly" syntax checking information may be incorrect. [C:/Users/Ankit Karan/Desktop/lab1/mux/mux.srcs/sources_1/new/demo_mux.v:]
WARNING: [filemgmt 56-199] Attempt to get parsing info during refresh. "On-the-fly" syntax checking information may be incorrect. [C:/Users/Ankit Karan/Desktop/lab1/mux/mux.srcs/sim_1/new/test_mux.v:]
WARNING: [filemgmt 56-199] Attempt to get parsing info during refresh. "On-the-fly" syntax checking information may be incorrect. [C:/Users/Ankit Karan/Desktop/lab1/mux/mux.srcs/sources_1/new/demo_mux.v:]
ERROR: [Common 17-180] Spawn failed: No error
WARNING: [filemgmt 56-199] Attempt to get parsing info during refresh. "On-the-fly" syntax checking information may be incorrect. [C:/Users/Ankit Karan/Desktop/lab1/mux/mux.srcs/sim_1/new/test_mux.v:]
WARNING: [filemgmt 56-199] Attempt to get parsing info during refresh. "On-the-fly" syntax checking information may be incorrect. [C:/Users/Ankit Karan/Desktop/lab1/mux/mux.srcs/sources_1/new/demo_mux.v:]
ERROR: [Common 17-180] Spawn failed: No error
WARNING: [filemgmt 56-199] Attempt to get parsing info during refresh. "On-the-fly" syntax checking information may be incorrect. [C:/Users/Ankit Karan/Desktop/lab1/mux/mux.srcs/sim_1/new/test_mux.v:]
WARNING: [filemgmt 56-199] Attempt to get parsing info during refresh. "On-the-fly" syntax checking information may be incorrect. [C:/Users/Ankit Karan/Desktop/lab1/mux/mux.srcs/sources_1/new/demo_mux.v:]
WARNING: [filemgmt 56-199] Attempt to get parsing info during refresh. "On-the-fly" syntax checking information may be incorrect. [C:/Users/Ankit Karan/Desktop/lab1/mux/mux.srcs/sim_1/new/test_mux.v:]
WARNING: [filemgmt 56-199] Attempt to get parsing info during refresh. "On-the-fly" syntax checking information may be incorrect. [C:/Users/Ankit Karan/Desktop/lab1/mux/mux.srcs/sources_1/new/demo_mux.v:]
ERROR: [Common 17-180] Spawn failed: No error
WARNING: [filemgmt 56-199] Attempt to get parsing info during refresh. "On-the-fly" syntax checking information may be incorrect. [C:/Users/Ankit Karan/Desktop/lab1/mux/mux.srcs/sim_1/new/test_mux.v:]
WARNING: [filemgmt 56-199] Attempt to get parsing info during refresh. "On-the-fly" syntax checking information may be incorrect. [C:/Users/Ankit Karan/Desktop/lab1/mux/mux.srcs/sources_1/new/demo_mux.v:]
ERROR: [Common 17-180] Spawn failed: No error
WARNING: [filemgmt 56-199] Attempt to get parsing info during refresh. "On-the-fly" syntax checking information may be incorrect. [C:/Users/Ankit Karan/Desktop/lab1/mux/mux.srcs/sim_1/new/test_mux.v:]
WARNING: [filemgmt 56-199] Attempt to get parsing info during refresh. "On-the-fly" syntax checking information may be incorrect. [C:/Users/Ankit Karan/Desktop/lab1/mux/mux.srcs/sources_1/new/demo_mux.v:]
ERROR: [Common 17-180] Spawn failed: No error
WARNING: [filemgmt 56-199] Attempt to get parsing info during refresh. "On-the-fly" syntax checking information may be incorrect. [C:/Users/Ankit Karan/Desktop/lab1/mux/mux.srcs/sim_1/new/test_mux.v:]
WARNING: [filemgmt 56-199] Attempt to get parsing info during refresh. "On-the-fly" syntax checking information may be incorrect. [C:/Users/Ankit Karan/Desktop/lab1/mux/mux.srcs/sources_1/new/demo_mux.v:]
ERROR: [Common 17-180] Spawn failed: No error
WARNING: [filemgmt 56-199] Attempt to get parsing info during refresh. "On-the-fly" syntax checking information may be incorrect. [C:/Users/Ankit Karan/Desktop/lab1/mux/mux.srcs/sim_1/new/test_mux.v:]
WARNING: [filemgmt 56-199] Attempt to get parsing info during refresh. "On-the-fly" syntax checking information may be incorrect. [C:/Users/Ankit Karan/Desktop/lab1/mux/mux.srcs/sources_1/new/demo_mux.v:]
ERROR: [Common 17-180] Spawn failed: No error
WARNING: [filemgmt 56-199] Attempt to get parsing info during refresh. "On-the-fly" syntax checking information may be incorrect. [C:/Users/Ankit Karan/Desktop/lab1/mux/mux.srcs/sim_1/new/test_mux.v:]
WARNING: [filemgmt 56-199] Attempt to get parsing info during refresh. "On-the-fly" syntax checking information may be incorrect. [C:/Users/Ankit Karan/Desktop/lab1/mux/mux.srcs/sources_1/new/demo_mux.v:]
ERROR: [Common 17-180] Spawn failed: No error
WARNING: [filemgmt 56-199] Attempt to get parsing info during refresh. "On-the-fly" syntax checking information may be incorrect. [C:/Users/Ankit Karan/Desktop/lab1/mux/mux.srcs/sim_1/new/test_mux.v:]
WARNING: [filemgmt 56-199] Attempt to get parsing info during refresh. "On-the-fly" syntax checking information may be incorrect. [C:/Users/Ankit Karan/Desktop/lab1/mux/mux.srcs/sources_1/new/demo_mux.v:]
ERROR: [Common 17-180] Spawn failed: No error
WARNING: [filemgmt 56-199] Attempt to get parsing info during refresh. "On-the-fly" syntax checking information may be incorrect. [C:/Users/Ankit Karan/Desktop/lab1/mux/mux.srcs/sim_1/new/test_mux.v:]
WARNING: [filemgmt 56-199] Attempt to get parsing info during refresh. "On-the-fly" syntax checking information may be incorrect. [C:/Users/Ankit Karan/Desktop/lab1/mux/mux.srcs/sources_1/new/demo_mux.v:]
WARNING: [filemgmt 56-199] Attempt to get parsing info during refresh. "On-the-fly" syntax checking information may be incorrect. [C:/Users/Ankit Karan/Desktop/lab1/mux/mux.srcs/sim_1/new/test_mux.v:]
WARNING: [filemgmt 56-199] Attempt to get parsing info during refresh. "On-the-fly" syntax checking information may be incorrect. [C:/Users/Ankit Karan/Desktop/lab1/mux/mux.srcs/sources_1/new/demo_mux.v:]
ERROR: [Common 17-180] Spawn failed: No error
WARNING: [filemgmt 56-199] Attempt to get parsing info during refresh. "On-the-fly" syntax checking information may be incorrect. [C:/Users/Ankit Karan/Desktop/lab1/mux/mux.srcs/sim_1/new/test_mux.v:]
WARNING: [filemgmt 56-199] Attempt to get parsing info during refresh. "On-the-fly" syntax checking information may be incorrect. [C:/Users/Ankit Karan/Desktop/lab1/mux/mux.srcs/sources_1/new/demo_mux.v:]
ERROR: [Common 17-180] Spawn failed: No error
WARNING: [filemgmt 56-199] Attempt to get parsing info during refresh. "On-the-fly" syntax checking information may be incorrect. [C:/Users/Ankit Karan/Desktop/lab1/mux/mux.srcs/sim_1/new/test_mux.v:]
WARNING: [filemgmt 56-199] Attempt to get parsing info during refresh. "On-the-fly" syntax checking information may be incorrect. [C:/Users/Ankit Karan/Desktop/lab1/mux/mux.srcs/sources_1/new/demo_mux.v:]
ERROR: [Common 17-180] Spawn failed: No error
WARNING: [filemgmt 56-199] Attempt to get parsing info during refresh. "On-the-fly" syntax checking information may be incorrect. [C:/Users/Ankit Karan/Desktop/lab1/mux/mux.srcs/sim_1/new/test_mux.v:]
WARNING: [filemgmt 56-199] Attempt to get parsing info during refresh. "On-the-fly" syntax checking information may be incorrect. [C:/Users/Ankit Karan/Desktop/lab1/mux/mux.srcs/sources_1/new/demo_mux.v:]
WARNING: [filemgmt 56-199] Attempt to get parsing info during refresh. "On-the-fly" syntax checking information may be incorrect. [C:/Users/Ankit Karan/Desktop/lab1/mux/mux.srcs/sim_1/new/test_mux.v:]
WARNING: [filemgmt 56-199] Attempt to get parsing info during refresh. "On-the-fly" syntax checking information may be incorrect. [C:/Users/Ankit Karan/Desktop/lab1/mux/mux.srcs/sources_1/new/demo_mux.v:]
ERROR: [Common 17-180] Spawn failed: No error
WARNING: [filemgmt 56-199] Attempt to get parsing info during refresh. "On-the-fly" syntax checking information may be incorrect. [C:/Users/Ankit Karan/Desktop/lab1/mux/mux.srcs/sim_1/new/test_mux.v:]
WARNING: [filemgmt 56-199] Attempt to get parsing info during refresh. "On-the-fly" syntax checking information may be incorrect. [C:/Users/Ankit Karan/Desktop/lab1/mux/mux.srcs/sources_1/new/demo_mux.v:]
ERROR: [Common 17-180] Spawn failed: No error
WARNING: [filemgmt 56-199] Attempt to get parsing info during refresh. "On-the-fly" syntax checking information may be incorrect. [C:/Users/Ankit Karan/Desktop/lab1/mux/mux.srcs/sim_1/new/test_mux.v:]
WARNING: [filemgmt 56-199] Attempt to get parsing info during refresh. "On-the-fly" syntax checking information may be incorrect. [C:/Users/Ankit Karan/Desktop/lab1/mux/mux.srcs/sources_1/new/demo_mux.v:]
WARNING: [filemgmt 56-199] Attempt to get parsing info during refresh. "On-the-fly" syntax checking information may be incorrect. [C:/Users/Ankit Karan/Desktop/lab1/mux/mux.srcs/sim_1/new/test_mux.v:]
WARNING: [filemgmt 56-199] Attempt to get parsing info during refresh. "On-the-fly" syntax checking information may be incorrect. [C:/Users/Ankit Karan/Desktop/lab1/mux/mux.srcs/sources_1/new/demo_mux.v:]
ERROR: [Common 17-180] Spawn failed: No error
WARNING: [filemgmt 56-199] Attempt to get parsing info during refresh. "On-the-fly" syntax checking information may be incorrect. [C:/Users/Ankit Karan/Desktop/lab1/mux/mux.srcs/sim_1/new/test_mux.v:]
WARNING: [filemgmt 56-199] Attempt to get parsing info during refresh. "On-the-fly" syntax checking information may be incorrect. [C:/Users/Ankit Karan/Desktop/lab1/mux/mux.srcs/sources_1/new/demo_mux.v:]
ERROR: [Common 17-180] Spawn failed: No error
close_sim
INFO: [Simtcl 6-16] Simulation closed
close_sim: Time (s): cpu = 00:00:03 ; elapsed = 00:00:06 . Memory (MB): peak = 842.430 ; gain = 0.000
launch_simulation
INFO: [Vivado 12-5682] Launching behavioral simulation in 'C:/Users/Ankit Karan/Desktop/lab1/mux/mux.sim/sim_1/behav/xsim'
INFO: [SIM-utils-51] Simulation object is 'sim_1'
INFO: [SIM-utils-54] Inspecting design source files for 'TestModule' in fileset 'sim_1'...
INFO: [USF-XSim-97] Finding global include files...
INFO: [USF-XSim-98] Fetching design files from 'sim_1'...
INFO: [USF-XSim-2] XSim::Compile design
INFO: [USF-XSim-61] Executing 'COMPILE and ANALYZE' step in 'C:/Users/Ankit Karan/Desktop/lab1/mux/mux.sim/sim_1/behav/xsim'
"xvlog --incr --relax -prj TestModule_vlog.prj"
INFO: [VRFC 10-2263] Analyzing Verilog file "C:/Users/Ankit Karan/Desktop/lab1/mux/mux.srcs/sources_1/new/demo_mux.v" into library xil_defaultlib
INFO: [VRFC 10-311] analyzing module Mulitplexer
INFO: [VRFC 10-2263] Analyzing Verilog file "C:/Users/Ankit Karan/Desktop/lab1/mux/mux.srcs/sim_1/new/test_mux.v" into library xil_defaultlib
INFO: [VRFC 10-311] analyzing module TestModule
INFO: [USF-XSim-69] 'compile' step finished in '2' seconds
INFO: [USF-XSim-3] XSim::Elaborate design
INFO: [USF-XSim-61] Executing 'ELABORATE' step in 'C:/Users/Ankit Karan/Desktop/lab1/mux/mux.sim/sim_1/behav/xsim'
"xelab -wto 05d0907bb51c4071a93607cc98d047d1 --incr --debug typical --relax --mt 2 -L xil_defaultlib -L unisims_ver -L unimacro_ver -L secureip --snapshot TestModule_behav xil_defaultlib.TestModule xil_defaultlib.glbl -log elaborate.log"
Vivado Simulator 2019.1
Copyright 1986-1999, 2001-2019 Xilinx, Inc. All Rights Reserved.
Running: C:/vivado/Vivado/2019.1/bin/unwrapped/win64.o/xelab.exe -wto 05d0907bb51c4071a93607cc98d047d1 --incr --debug typical --relax --mt 2 -L xil_defaultlib -L unisims_ver -L unimacro_ver -L secureip --snapshot TestModule_behav xil_defaultlib.TestModule xil_defaultlib.glbl -log elaborate.log 
Using 2 slave threads.
Starting static elaboration
Completed static elaboration
Starting simulation data flow analysis
Completed simulation data flow analysis
Time Resolution for simulation is 1ps
Compiling module xil_defaultlib.Mulitplexer
Compiling module xil_defaultlib.TestModule
Compiling module xil_defaultlib.glbl
Built simulation snapshot TestModule_behav
INFO: [USF-XSim-69] 'elaborate' step finished in '5' seconds
INFO: [USF-XSim-4] XSim::Simulate design
INFO: [USF-XSim-61] Executing 'SIMULATE' step in 'C:/Users/Ankit Karan/Desktop/lab1/mux/mux.sim/sim_1/behav/xsim'
INFO: [USF-XSim-98] *** Running xsim
   with args "TestModule_behav -key {Behavioral:sim_1:Functional:TestModule} -tclbatch {TestModule.tcl} -log {simulate.log}"
INFO: [USF-XSim-8] Loading simulator feature
Vivado Simulator 2019.1
Time resolution is 1 ps
source TestModule.tcl
# set curr_wave [current_wave_config]
# if { [string length $curr_wave] == 0 } {
#   if { [llength [get_objects]] > 0} {
#     add_wave /
#     set_property needs_save false [current_wave_config]
#   } else {
#      send_msg_id Add_Wave-1 WARNING "No top level signals found. Simulator will start without a wave window. If you want to open a wave window go to 'File->New Waveform Configuration' or type 'create_wave_config' in the TCL console."
#   }
# }
# run 1000ns
xsim: Time (s): cpu = 00:00:04 ; elapsed = 00:00:07 . Memory (MB): peak = 842.430 ; gain = 0.000
INFO: [USF-XSim-96] XSim completed. Design snapshot 'TestModule_behav' loaded.
INFO: [USF-XSim-97] XSim simulation ran for 1000ns
launch_simulation: Time (s): cpu = 00:00:05 ; elapsed = 00:00:15 . Memory (MB): peak = 842.430 ; gain = 0.000
