#-----------------------------------------------------------
# Vivado v2019.1 (64-bit)
# SW Build 2552052 on Fri May 24 14:49:42 MDT 2019
# IP Build 2548770 on Fri May 24 18:01:18 MDT 2019
# Start of session at: Tue Sep  3 09:41:25 2019
# Process ID: 5884
# Current directory: C:/Users/Ankit Karan/Desktop/lab2/SR Latch
# Command line: vivado.exe -gui_launcher_event rodinguilauncherevent10312 C:\Users\Ankit Karan\Desktop\lab2\SR Latch\SR Latch.xpr
# Log file: C:/Users/Ankit Karan/Desktop/lab2/SR Latch/vivado.log
# Journal file: C:/Users/Ankit Karan/Desktop/lab2/SR Latch\vivado.jou
#-----------------------------------------------------------
start_gui
open_project {C:/Users/Ankit Karan/Desktop/lab2/SR Latch/SR Latch.xpr}
Scanning sources...
Finished scanning sources
INFO: [IP_Flow 19-234] Refreshing IP repositories
INFO: [IP_Flow 19-1704] No user IP repositories specified
INFO: [IP_Flow 19-2313] Loaded Vivado IP repository 'C:/vivado/Vivado/2019.1/data/ip'.
open_project: Time (s): cpu = 00:00:25 ; elapsed = 00:00:09 . Memory (MB): peak = 721.219 ; gain = 85.742
update_compile_order -fileset sources_1
launch_simulation
INFO: [Vivado 12-5682] Launching behavioral simulation in 'C:/Users/Ankit Karan/Desktop/lab2/SR Latch/SR Latch.sim/sim_1/behav/xsim'
INFO: [SIM-utils-51] Simulation object is 'sim_1'
INFO: [SIM-utils-54] Inspecting design source files for 'sr_latch_tb' in fileset 'sim_1'...
INFO: [USF-XSim-97] Finding global include files...
INFO: [USF-XSim-98] Fetching design files from 'sim_1'...
INFO: [USF-XSim-2] XSim::Compile design
INFO: [USF-XSim-61] Executing 'COMPILE and ANALYZE' step in 'C:/Users/Ankit Karan/Desktop/lab2/SR Latch/SR Latch.sim/sim_1/behav/xsim'
"xvlog --incr --relax -prj sr_latch_tb_vlog.prj"
INFO: [VRFC 10-2263] Analyzing Verilog file "C:/Users/Ankit Karan/Desktop/lab2/SR Latch/SR Latch.srcs/sim_1/new/SR_Latch_tb.v" into library xil_defaultlib
INFO: [VRFC 10-311] analyzing module sr_latch_tb
INFO: [USF-XSim-69] 'compile' step finished in '3' seconds
INFO: [USF-XSim-3] XSim::Elaborate design
INFO: [USF-XSim-61] Executing 'ELABORATE' step in 'C:/Users/Ankit Karan/Desktop/lab2/SR Latch/SR Latch.sim/sim_1/behav/xsim'
"xelab -wto b0fdf80e499d46c8979d69379b44949b --incr --debug typical --relax --mt 2 -L xil_defaultlib -L unisims_ver -L unimacro_ver -L secureip --snapshot sr_latch_tb_behav xil_defaultlib.sr_latch_tb xil_defaultlib.glbl -log elaborate.log"
Vivado Simulator 2019.1
Copyright 1986-1999, 2001-2019 Xilinx, Inc. All Rights Reserved.
Running: C:/vivado/Vivado/2019.1/bin/unwrapped/win64.o/xelab.exe -wto b0fdf80e499d46c8979d69379b44949b --incr --debug typical --relax --mt 2 -L xil_defaultlib -L unisims_ver -L unimacro_ver -L secureip --snapshot sr_latch_tb_behav xil_defaultlib.sr_latch_tb xil_defaultlib.glbl -log elaborate.log 
Using 2 slave threads.
Starting static elaboration
Completed static elaboration
Starting simulation data flow analysis
Completed simulation data flow analysis
Time Resolution for simulation is 1ps
Compiling module xil_defaultlib.sr_latch
Compiling module xil_defaultlib.sr_latch_tb
Compiling module xil_defaultlib.glbl
Built simulation snapshot sr_latch_tb_behav
INFO: [USF-XSim-69] 'elaborate' step finished in '4' seconds
INFO: [USF-XSim-4] XSim::Simulate design
INFO: [USF-XSim-61] Executing 'SIMULATE' step in 'C:/Users/Ankit Karan/Desktop/lab2/SR Latch/SR Latch.sim/sim_1/behav/xsim'
INFO: [USF-XSim-98] *** Running xsim
   with args "sr_latch_tb_behav -key {Behavioral:sim_1:Functional:sr_latch_tb} -tclbatch {sr_latch_tb.tcl} -view {{C:/Users/Ankit Karan/Desktop/lab2/SR Latch/sr_latch_tb_behav.wcfg}} -log {simulate.log}"
INFO: [USF-XSim-8] Loading simulator feature
Vivado Simulator 2019.1
Time resolution is 1 ps
open_wave_config {C:/Users/Ankit Karan/Desktop/lab2/SR Latch/sr_latch_tb_behav.wcfg}
source sr_latch_tb.tcl
# set curr_wave [current_wave_config]
# if { [string length $curr_wave] == 0 } {
#   if { [llength [get_objects]] > 0} {
#     add_wave /
#     set_property needs_save false [current_wave_config]
#   } else {
#      send_msg_id Add_Wave-1 WARNING "No top level signals found. Simulator will start without a wave window. If you want to open a wave window go to 'File->New Waveform Configuration' or type 'create_wave_config' in the TCL console."
#   }
# }
# run 1000ns
s = x, r = x
q = x, qn = x
s = 0, r = 0
q = x, qn = x
s = 0, r = 1
q = x, qn = x
s = 0, r = x
q = x, qn = 0
s = 0, r = z
q = 1, qn = x
s = 1, r = 0
q = x, qn = 0
s = 1, r = 1
q = x, qn = x
s = 1, r = x
q = x, qn = 0
s = 1, r = z
q = x, qn = x
s = x, r = 0
q = x, qn = x
s = x, r = 1
q = x, qn = x
s = x, r = x
q = x, qn = 0
s = x, r = z
q = x, qn = x
s = z, r = 0
q = x, qn = x
s = z, r = 1
q = x, qn = x
s = z, r = x
q = x, qn = 0
s = z, r = z
q = x, qn = x
xsim: Time (s): cpu = 00:00:17 ; elapsed = 00:00:09 . Memory (MB): peak = 757.230 ; gain = 36.012
INFO: [USF-XSim-96] XSim completed. Design snapshot 'sr_latch_tb_behav' loaded.
INFO: [USF-XSim-97] XSim simulation ran for 1000ns
launch_simulation: Time (s): cpu = 00:00:21 ; elapsed = 00:00:18 . Memory (MB): peak = 757.230 ; gain = 36.012
